<?xml version="1.0" encoding="UTF-8"?>
<testsuite xmlns:xsi="http://www.w3.org/2001/XMLSchema-instance" xsi:noNamespaceSchemaLocation="https://maven.apache.org/surefire/maven-surefire-plugin/xsd/surefire-test-report-3.0.xsd" version="3.0" name="com.vishal.springbootkafka.SpringBootKafkaApplicationTests" time="0.911" tests="1" errors="0" skipped="0" failures="0">
  <properties>
[...]
</properties>
  <testcase name="contextLoads" classname="com.vishal.springbootkafka.SpringBootKafkaApplicationTests" time="0.441">
    <system-out><![CDATA[14:11:18.444 [main] INFO org.springframework.test.context.support.AnnotationConfigContextLoaderUtils -- Could not detect default configuration classes for test class [com.vishal.springbootkafka.SpringBootKafkaApplicationTests]: SpringBootKafkaApplicationTests does not declare any static, non-private, non-final, nested classes annotated with @Configuration.
14:11:18.486 [main] INFO org.springframework.boot.test.context.SpringBootTestContextBootstrapper -- Found @SpringBootConfiguration com.vishal.springbootkafka.SpringBootKafkaApplication for test class com.vishal.springbootkafka.SpringBootKafkaApplicationTests

  .   ____          _            __ _ _
 /\\ / ___'_ __ _ _(_)_ __  __ _ \ \ \ \
( ( )\___ | '_ | '_| | '_ \/ _` | \ \ \ \
 \\/  ___)| |_)| | | | | || (_| |  ) ) ) )
  '  |____| .__|_| |_|_| |_\__, | / / / /
 =========|_|==============|___/=/_/_/_/
 :: Spring Boot ::                (v3.1.0)

2023-06-17T14:11:18.639+01:00  INFO 86629 --- [           main] c.v.s.SpringBootKafkaApplicationTests    : Starting SpringBootKafkaApplicationTests using Java 19.0.1 with PID 86629 (started by vishal in /Users/vishal/Documents/Vishal/Work/Code/Self Projects/Spring-Boot-Kafka)
2023-06-17T14:11:18.639+01:00  INFO 86629 --- [           main] c.v.s.SpringBootKafkaApplicationTests    : No active profile set, falling back to 1 default profile: "default"
2023-06-17T14:11:18.829+01:00  INFO 86629 --- [           main] c.v.s.SpringBootKafkaApplicationTests    : Started SpringBootKafkaApplicationTests in 0.29 seconds (process running for 0.695)
]]></system-out>
  </testcase>
</testsuite>